<?xml version="1.0" encoding="UTF-8"?>
<!-- Generated by org.testng.reporters.JUnitReportReporter -->
<testsuite failures="0" tests="1" name="com.it.web3.CopyAndPasteHandling" time="17.479" errors="0" timestamp="2023-08-03T02:31:14 BDT" skipped="0">
  <testcase classname="com.it.web3.CopyAndPasteHandling" name="webElementsTest" time="17.479"/>
</testsuite> <!-- com.it.web3.CopyAndPasteHandling -->
