<?xml version="1.0" encoding="UTF-8"?>
<!-- Generated by org.testng.reporters.JUnitReportReporter -->
<testsuite failures="0" tests="1" name="com.it.web3.LocatorsExample" time="4.570" errors="0" timestamp="2023-07-26T19:28:27 BDT" skipped="0">
  <testcase classname="com.it.web3.LocatorsExample" name="testLocators" time="4.570"/>
</testsuite> <!-- com.it.web3.LocatorsExample -->
