<?xml version="1.0" encoding="UTF-8"?>
<!-- Generated by org.testng.reporters.JUnitReportReporter -->
<testsuite failures="0" tests="1" name="com.it.web3.ScrollHandling" time="5.668" errors="0" timestamp="2023-08-02T19:50:25 BDT" skipped="0">
  <testcase classname="com.it.web3.ScrollHandling" name="scrollTest" time="5.668"/>
</testsuite> <!-- com.it.web3.ScrollHandling -->
