<?xml version="1.0" encoding="UTF-8"?>
<!-- Generated by org.testng.reporters.JUnitReportReporter -->
<testsuite failures="0" tests="1" name="com.it.web3.WebElementCommandExaple" time="13.684" errors="0" timestamp="2023-07-28T01:53:38 BDT" skipped="0">
  <testcase classname="com.it.web3.WebElementCommandExaple" name="webElementsTest" time="13.684"/>
</testsuite> <!-- com.it.web3.WebElementCommandExaple -->
