<?xml version="1.0" encoding="UTF-8"?>
<!-- Generated by org.testng.reporters.JUnitReportReporter -->
<testsuite failures="0" tests="1" name="com.it.web3.MouseHoverHandling" time="17.150" errors="0" timestamp="2023-08-01T01:04:39 BDT" skipped="0">
  <testcase classname="com.it.web3.MouseHoverHandling" name="mouseHoverTest" time="17.150"/>
</testsuite> <!-- com.it.web3.MouseHoverHandling -->
